###junit testsuite time="2014-12-16T17:30:37.655" id="rpctest.netpath" text="Verify netpath functions"
###junit testcase time="2014-12-16T17:30:37.655" id="rpctest.netpath.testcase0" text="verify default netpath"
###junit success time="2014-12-16T17:30:37.655" id="rpctest.netpath.testcase0"
###junit testcase time="2014-12-16T17:30:37.655" id="rpctest.netpath.testcase1" text="verify empty netpath"
###junit success time="2014-12-16T17:30:37.655" id="rpctest.netpath.testcase1"
###junit testcase time="2014-12-16T17:30:37.655" id="rpctest.netpath.testcase2" text="verify netpath "udp""
###junit success time="2014-12-16T17:30:37.655" id="rpctest.netpath.testcase2"
###junit testcase time="2014-12-16T17:30:37.655" id="rpctest.netpath.testcase3" text="verify netpath "tcp""
###junit success time="2014-12-16T17:30:37.655" id="rpctest.netpath.testcase3"
###junit testcase time="2014-12-16T17:30:37.655" id="rpctest.netpath.testcase4" text="verify netpath "tcp:udp6""
###junit success time="2014-12-16T17:30:37.655" id="rpctest.netpath.testcase4"
###junit testcase time="2014-12-16T17:30:37.655" id="rpctest.netpath.testcase5" text="verify netpath "local:tcp:udp""
###junit success time="2014-12-16T17:30:37.655" id="rpctest.netpath.testcase5"
###junit testcase time="2014-12-16T17:30:37.655" id="rpctest.netpath.testcase6" text="verify netpath "local:tcp::udp""
###junit success time="2014-12-16T17:30:37.655" id="rpctest.netpath.testcase6"
###junit endsuite time="2014-12-16T17:30:37.655" id="rpctest.netpath"
###junit testsuite time="2014-12-16T17:30:37.655" id="rpctest.netconfig" text="Verify netconfig functions"
###junit testcase time="2014-12-16T17:30:37.655" id="rpctest.netconfig.udp" text="Verifying netconfig for netid <udp>"
###junit success time="2014-12-16T17:30:37.655" id="rpctest.netconfig.udp"
###junit testcase time="2014-12-16T17:30:37.655" id="rpctest.netconfig.tcp" text="Verifying netconfig for netid <tcp>"
###junit success time="2014-12-16T17:30:37.655" id="rpctest.netconfig.tcp"
###junit testcase time="2014-12-16T17:30:37.655" id="rpctest.netconfig.udp6" text="Verifying netconfig for netid <udp6>"
###junit success time="2014-12-16T17:30:37.655" id="rpctest.netconfig.udp6"
###junit testcase time="2014-12-16T17:30:37.655" id="rpctest.netconfig.tcp6" text="Verifying netconfig for netid <tcp6>"
###junit success time="2014-12-16T17:30:37.655" id="rpctest.netconfig.tcp6"
###junit testcase time="2014-12-16T17:30:37.655" id="rpctest.netconfig.local" text="Verifying netconfig for netid <local>"
###junit success time="2014-12-16T17:30:37.655" id="rpctest.netconfig.local"
###junit testcase time="2014-12-16T17:30:37.655" id="rpctest.netconfig.builtin" text="Verifying configured netids"
###junit success time="2014-12-16T17:30:37.655" id="rpctest.netconfig.builtin"
###junit endsuite time="2014-12-16T17:30:37.655" id="rpctest.netconfig"
###junit testsuite time="2014-12-16T17:30:37.655" id="rpctest.sockinfo" text="Verify sockinfo functions"
###junit testcase time="2014-12-16T17:30:37.655" id="rpctest.sockinfo.udp" text="Verifying sockinfo for netid <udp>"
###junit success time="2014-12-16T17:30:37.655" id="rpctest.sockinfo.udp"
###junit testcase time="2014-12-16T17:30:37.655" id="rpctest.sockinfo.tcp" text="Verifying sockinfo for netid <tcp>"
###junit success time="2014-12-16T17:30:37.655" id="rpctest.sockinfo.tcp"
###junit testcase time="2014-12-16T17:30:37.655" id="rpctest.sockinfo.udp6" text="Verifying sockinfo for netid <udp6>"
###junit success time="2014-12-16T17:30:37.655" id="rpctest.sockinfo.udp6"
###junit testcase time="2014-12-16T17:30:37.655" id="rpctest.sockinfo.tcp6" text="Verifying sockinfo for netid <tcp6>"
###junit success time="2014-12-16T17:30:37.655" id="rpctest.sockinfo.tcp6"
###junit testcase time="2014-12-16T17:30:37.655" id="rpctest.sockinfo.local" text="Verifying sockinfo for netid <local>"
###junit success time="2014-12-16T17:30:37.655" id="rpctest.sockinfo.local"
###junit endsuite time="2014-12-16T17:30:37.655" id="rpctest.sockinfo"
###junit testsuite time="2014-12-16T17:30:37.655" id="rpctest.addrconv" text="Verify uaddr2taddr/taddr2uaddr functions"
###junit testcase time="2014-12-16T17:30:37.655" id="rpctest.addrconv.udp" text="Verifying addr conversion for netid <udp>"
###junit success time="2014-12-16T17:30:37.655" id="rpctest.addrconv.udp"
###junit testcase time="2014-12-16T17:30:37.655" id="rpctest.addrconv.tcp" text="Verifying addr conversion for netid <tcp>"
###junit success time="2014-12-16T17:30:37.656" id="rpctest.addrconv.tcp"
###junit testcase time="2014-12-16T17:30:37.656" id="rpctest.addrconv.udp6" text="Verifying addr conversion for netid <udp6>"
###junit success time="2014-12-16T17:30:37.656" id="rpctest.addrconv.udp6"
###junit testcase time="2014-12-16T17:30:37.656" id="rpctest.addrconv.tcp6" text="Verifying addr conversion for netid <tcp6>"
###junit success time="2014-12-16T17:30:37.656" id="rpctest.addrconv.tcp6"
###junit testcase time="2014-12-16T17:30:37.656" id="rpctest.addrconv.local" text="Verifying addr conversion for netid <local>"
###junit success time="2014-12-16T17:30:37.656" id="rpctest.addrconv.local"
###junit endsuite time="2014-12-16T17:30:37.656" id="rpctest.addrconv"
###junit testsuite time="2014-12-16T17:30:37.656" id="rpctest.socket" text="Verify socket functions"
###junit testcase time="2014-12-16T17:30:37.656" id="rpctest.socket.udp" text="Trying to create socket for <udp>"
###junit success time="2014-12-16T17:30:37.656" id="rpctest.socket.udp"
###junit testcase time="2014-12-16T17:30:37.656" id="rpctest.socket.tcp" text="Trying to create socket for <tcp>"
###junit success time="2014-12-16T17:30:37.656" id="rpctest.socket.tcp"
###junit testcase time="2014-12-16T17:30:37.656" id="rpctest.socket.udp6" text="Trying to create socket for <udp6>"
###junit success time="2014-12-16T17:30:37.656" id="rpctest.socket.udp6"
###junit testcase time="2014-12-16T17:30:37.656" id="rpctest.socket.tcp6" text="Trying to create socket for <tcp6>"
###junit success time="2014-12-16T17:30:37.656" id="rpctest.socket.tcp6"
###junit testcase time="2014-12-16T17:30:37.656" id="rpctest.socket.local" text="Trying to create socket for <local>"
###junit success time="2014-12-16T17:30:37.656" id="rpctest.socket.local"
###junit endsuite time="2014-12-16T17:30:37.656" id="rpctest.socket"
###junit testsuite time="2014-12-16T17:30:37.656" id="rpctest.portmap" text="Verify portmap client functions"
###junit testcase time="2014-12-16T17:30:37.656" id="rpctest.portmap.testcase0" text="Verifying pmap registration for portmapper (expect 6 regs)"
###junit success time="2014-12-16T17:30:37.657" id="rpctest.portmap.testcase0"
###junit testcase time="2014-12-16T17:30:37.657" id="rpctest.portmap.testcase1" text="Verifying pmap_set operation for square program"
###junit success time="2014-12-16T17:30:37.658" id="rpctest.portmap.testcase1"
###junit testcase time="2014-12-16T17:30:37.658" id="rpctest.portmap.testcase2" text="Verifying pmap_unset operation for square program"
###junit success time="2014-12-16T17:30:37.659" id="rpctest.portmap.testcase2"
###junit endsuite time="2014-12-16T17:30:37.659" id="rpctest.portmap"
###junit testsuite time="2014-12-16T17:30:37.659" id="rpctest.rpcbind" text="Verify rpcbind client functions"
###junit testcase time="2014-12-16T17:30:37.659" id="rpctest.rpcbind.testcase0" text="Trying rpcb_getmaps(tcp, NULL)"
###junit success time="2014-12-16T17:30:37.660" id="rpctest.rpcbind.testcase0"
###junit testcase time="2014-12-16T17:30:37.660" id="rpctest.rpcbind.testcase1" text="Trying rpcb_getaddr(tcp, NULL)"
###junit success time="2014-12-16T17:30:37.660" id="rpctest.rpcbind.testcase1"
###junit testcase time="2014-12-16T17:30:37.660" id="rpctest.rpcbind.testcase2" text="Trying rpcb_getmaps(udp, NULL)"
###junit success time="2014-12-16T17:30:37.660" id="rpctest.rpcbind.testcase2"
###junit testcase time="2014-12-16T17:30:37.660" id="rpctest.rpcbind.testcase3" text="Trying rpcb_getaddr(udp, NULL)"
###junit success time="2014-12-16T17:30:37.660" id="rpctest.rpcbind.testcase3"
###junit testcase time="2014-12-16T17:30:37.660" id="rpctest.rpcbind.testcase4" text="Trying rpcb_getmaps(tcp6, NULL)"
###junit success time="2014-12-16T17:30:37.661" id="rpctest.rpcbind.testcase4"
###junit testcase time="2014-12-16T17:30:37.661" id="rpctest.rpcbind.testcase5" text="Trying rpcb_getaddr(tcp6, NULL)"
###junit success time="2014-12-16T17:30:37.661" id="rpctest.rpcbind.testcase5"
###junit testcase time="2014-12-16T17:30:37.661" id="rpctest.rpcbind.testcase6" text="Trying rpcb_getmaps(udp6, NULL)"
###junit success time="2014-12-16T17:30:37.661" id="rpctest.rpcbind.testcase6"
###junit testcase time="2014-12-16T17:30:37.661" id="rpctest.rpcbind.testcase7" text="Trying rpcb_getaddr(udp6, NULL)"
###junit success time="2014-12-16T17:30:37.661" id="rpctest.rpcbind.testcase7"
###junit testcase time="2014-12-16T17:30:37.661" id="rpctest.rpcbind.testcase8" text="Trying rpcb_getmaps(local, NULL)"
###junit success time="2014-12-16T17:30:37.662" id="rpctest.rpcbind.testcase8"
###junit testcase time="2014-12-16T17:30:37.662" id="rpctest.rpcbind.testcase9" text="Trying rpcb_getaddr(local, NULL)"
###junit success time="2014-12-16T17:30:37.662" id="rpctest.rpcbind.testcase9"
###junit testcase time="2014-12-16T17:30:37.662" id="rpctest.rpcbind.testcase10" text="Trying rpcb_getmaps(local, localhost)"
###junit success time="2014-12-16T17:30:37.667" id="rpctest.rpcbind.testcase10"
###junit testcase time="2014-12-16T17:30:37.667" id="rpctest.rpcbind.testcase11" text="Trying rpcb_getaddr(local, localhost)"
###junit success time="2014-12-16T17:30:37.668" id="rpctest.rpcbind.testcase11"
###junit testcase time="2014-12-16T17:30:37.668" id="rpctest.rpcbind.testcase12" text="Trying rpcb_getmaps(NULL, somehost)"
###junit success time="2014-12-16T17:30:37.673" id="rpctest.rpcbind.testcase12"
###junit testcase time="2014-12-16T17:30:37.673" id="rpctest.rpcbind.testcase13" text="Trying rpcb_getaddr(NULL, somehost)"
###junit success time="2014-12-16T17:30:37.673" id="rpctest.rpcbind.testcase13"
###junit testcase time="2014-12-16T17:30:37.673" id="rpctest.rpcbind.testcase14" text="Trying rpcb_getmaps(NULL, NULL)"
###junit success time="2014-12-16T17:30:37.673" id="rpctest.rpcbind.testcase14"
###junit testcase time="2014-12-16T17:30:37.673" id="rpctest.rpcbind.testcase15" text="Trying rpcb_getaddr(NULL, NULL)"
###junit success time="2014-12-16T17:30:37.674" id="rpctest.rpcbind.testcase15"
###junit testcase time="2014-12-16T17:30:37.674" id="rpctest.rpcbind.testcase16" text="Verifying rpcb registration for rpcbind"
###junit success time="2014-12-16T17:30:37.677" id="rpctest.rpcbind.testcase16"
###junit testcase time="2014-12-16T17:30:37.677" id="rpctest.rpcbind.testcase17" text="Verifying rpcb_set operation for square program"
###junit success time="2014-12-16T17:30:37.678" id="rpctest.rpcbind.testcase17"
###junit testcase time="2014-12-16T17:30:37.678" id="rpctest.rpcbind.testcase18" text="Verifying portmap visibility of rpcb registration for square program"
###junit success time="2014-12-16T17:30:37.678" id="rpctest.rpcbind.testcase18"
###junit testcase time="2014-12-16T17:30:37.678" id="rpctest.rpcbind.testcase19" text="Verifying rpcb_unset operation for square program"
###junit success time="2014-12-16T17:30:37.679" id="rpctest.rpcbind.testcase19"
###junit testcase time="2014-12-16T17:30:37.679" id="rpctest.rpcbind.testcase20" text="Verifying rpcb_set operation for square program (talking to rpcb via tcp transport)"
###junit success time="2014-12-16T17:30:37.680" id="rpctest.rpcbind.testcase20"
###junit testcase time="2014-12-16T17:30:37.680" id="rpctest.rpcbind.testcase21" text="Verifying rpcb_unset operation for square program (talking to rpcb via tcp transport)"
###junit success time="2014-12-16T17:30:37.681" id="rpctest.rpcbind.testcase21"
###junit testcase time="2014-12-16T17:30:37.681" id="rpctest.rpcbind.testcase22" text="Verifying rpcb_set operation for square program (talking to rpcb via udp transport)"
###junit success time="2014-12-16T17:30:37.682" id="rpctest.rpcbind.testcase22"
###junit testcase time="2014-12-16T17:30:37.682" id="rpctest.rpcbind.testcase23" text="Verifying rpcb_unset operation for square program (talking to rpcb via udp transport)"
###junit success time="2014-12-16T17:30:37.683" id="rpctest.rpcbind.testcase23"
###junit testcase time="2014-12-16T17:30:37.683" id="rpctest.rpcbind.testcase24" text="Verifying rpcb_set operation for square program (talking to rpcb via tcp6 transport)"
###junit success time="2014-12-16T17:30:37.684" id="rpctest.rpcbind.testcase24"
###junit testcase time="2014-12-16T17:30:37.684" id="rpctest.rpcbind.testcase25" text="Verifying rpcb_unset operation for square program (talking to rpcb via tcp6 transport)"
###junit success time="2014-12-16T17:30:37.685" id="rpctest.rpcbind.testcase25"
###junit testcase time="2014-12-16T17:30:37.685" id="rpctest.rpcbind.testcase26" text="Verifying rpcb_set operation for square program (talking to rpcb via udp6 transport)"
###junit success time="2014-12-16T17:30:37.686" id="rpctest.rpcbind.testcase26"
###junit testcase time="2014-12-16T17:30:37.686" id="rpctest.rpcbind.testcase27" text="Verifying rpcb_unset operation for square program (talking to rpcb via udp6 transport)"
###junit success time="2014-12-16T17:30:37.686" id="rpctest.rpcbind.testcase27"
###junit testcase time="2014-12-16T17:30:37.686" id="rpctest.rpcbind.testcase28" text="Verifying rpcb_set operation for square program (talking to rpcb via local transport)"
###junit success time="2014-12-16T17:30:37.687" id="rpctest.rpcbind.testcase28"
###junit testcase time="2014-12-16T17:30:37.688" id="rpctest.rpcbind.testcase29" text="Verifying rpcb_unset operation for square program (talking to rpcb via local transport)"
###junit success time="2014-12-16T17:30:37.688" id="rpctest.rpcbind.testcase29"
###junit testcase time="2014-12-16T17:30:37.688" id="rpctest.rpcbind.testcase30" text="Verifying rpcb_getaddr for square program"
###junit success time="2014-12-16T17:30:37.694" id="rpctest.rpcbind.testcase30"
###junit testcase time="2014-12-16T17:30:37.694" id="rpctest.rpcbind.testcase31" text="Verifying that getifaddrs returns proper interface index"
::: Note: the following may crash on some versions of libtirpc due to a bug in getclienthandle
###junit success time="2014-12-16T17:30:37.694" id="rpctest.rpcbind.testcase31"
###junit testcase time="2014-12-16T17:30:37.694" id="rpctest.rpcbind.testcase32" text="Verifying rpcb_set operation for square program (talking to rpcb at 127.0.0.1)"
###junit success time="2014-12-16T17:30:37.696" id="rpctest.rpcbind.testcase32"
###junit testcase time="2014-12-16T17:30:37.696" id="rpctest.rpcbind.testcase33" text="Verifying rpcb_unset operation for square program (talking to rpcb at 127.0.0.1)"
###junit success time="2014-12-16T17:30:37.697" id="rpctest.rpcbind.testcase33"
###junit testcase time="2014-12-16T17:30:37.697" id="rpctest.rpcbind.testcase34" text="Verifying rpcb_set operation for square program (talking to rpcb at 10.160.4.109)"
###junit success time="2014-12-16T17:30:37.700" id="rpctest.rpcbind.testcase34"
###junit testcase time="2014-12-16T17:30:37.700" id="rpctest.rpcbind.testcase35" text="Verifying rpcb_unset operation for square program (talking to rpcb at 10.160.4.109)"
###junit success time="2014-12-16T17:30:37.701" id="rpctest.rpcbind.testcase35"
###junit testcase time="2014-12-16T17:30:37.701" id="rpctest.rpcbind.testcase36" text="Verifying rpcb_set operation for square program (talking to rpcb at 192.168.121.1)"
###junit success time="2014-12-16T17:30:37.704" id="rpctest.rpcbind.testcase36"
###junit testcase time="2014-12-16T17:30:37.704" id="rpctest.rpcbind.testcase37" text="Verifying rpcb_unset operation for square program (talking to rpcb at 192.168.121.1)"
###junit success time="2014-12-16T17:30:37.705" id="rpctest.rpcbind.testcase37"
###junit testcase time="2014-12-16T17:30:37.705" id="rpctest.rpcbind.testcase38" text="Verifying rpcb_set operation for square program (talking to rpcb at ::1)"
###junit success time="2014-12-16T17:30:37.708" id="rpctest.rpcbind.testcase38"
###junit testcase time="2014-12-16T17:30:37.708" id="rpctest.rpcbind.testcase39" text="Verifying rpcb_unset operation for square program (talking to rpcb at ::1)"
###junit success time="2014-12-16T17:30:37.708" id="rpctest.rpcbind.testcase39"
###junit testcase time="2014-12-16T17:30:37.708" id="rpctest.rpcbind.testcase40" text="Verifying rpcb_set operation for square program (talking to rpcb at fe80::2ad2:44ff:fe57:d75a%eth0)"
###junit success time="2014-12-16T17:30:37.712" id="rpctest.rpcbind.testcase40"
###junit testcase time="2014-12-16T17:30:37.712" id="rpctest.rpcbind.testcase41" text="Verifying rpcb_unset operation for square program (talking to rpcb at fe80::2ad2:44ff:fe57:d75a%eth0)"
###junit success time="2014-12-16T17:30:37.712" id="rpctest.rpcbind.testcase41"
###junit testcase time="2014-12-16T17:30:37.712" id="rpctest.rpcbind.testcase42" text="Verifying rpcb_set operation for square program (talking to rpcb at 2620:113:80c0:8080:10:160:4:109)"
###junit success time="2014-12-16T17:30:37.715" id="rpctest.rpcbind.testcase42"
###junit testcase time="2014-12-16T17:30:37.715" id="rpctest.rpcbind.testcase43" text="Verifying rpcb_unset operation for square program (talking to rpcb at 2620:113:80c0:8080:10:160:4:109)"
###junit success time="2014-12-16T17:30:37.716" id="rpctest.rpcbind.testcase43"
###junit testcase time="2014-12-16T17:30:37.716" id="rpctest.rpcbind.testcase44" text="Verifying rpcb_set operation for square program (talking to rpcb at 2620:113:80c0:8080:c4c2:4d31:9cb7:c829)"
###junit success time="2014-12-16T17:30:37.724" id="rpctest.rpcbind.testcase44"
###junit testcase time="2014-12-16T17:30:37.724" id="rpctest.rpcbind.testcase45" text="Verifying rpcb_unset operation for square program (talking to rpcb at 2620:113:80c0:8080:c4c2:4d31:9cb7:c829)"
###junit success time="2014-12-16T17:30:37.725" id="rpctest.rpcbind.testcase45"
###junit testcase time="2014-12-16T17:30:37.725" id="rpctest.rpcbind.testcase46" text="Verifying rpcb_set operation for square program (talking to rpcb at 2620:113:80c0:8080:d4ae:dce3:1865:4763)"
###junit success time="2014-12-16T17:30:37.731" id="rpctest.rpcbind.testcase46"
###junit testcase time="2014-12-16T17:30:37.731" id="rpctest.rpcbind.testcase47" text="Verifying rpcb_unset operation for square program (talking to rpcb at 2620:113:80c0:8080:d4ae:dce3:1865:4763)"
###junit success time="2014-12-16T17:30:37.731" id="rpctest.rpcbind.testcase47"
###junit testcase time="2014-12-16T17:30:37.731" id="rpctest.rpcbind.testcase48" text="Verifying rpcb_set operation for square program (talking to rpcb at 2620:113:80c0:8080:c88d:33a6:46e7:58a2)"
###junit success time="2014-12-16T17:30:37.736" id="rpctest.rpcbind.testcase48"
###junit testcase time="2014-12-16T17:30:37.736" id="rpctest.rpcbind.testcase49" text="Verifying rpcb_unset operation for square program (talking to rpcb at 2620:113:80c0:8080:c88d:33a6:46e7:58a2)"
###junit success time="2014-12-16T17:30:37.736" id="rpctest.rpcbind.testcase49"
###junit testcase time="2014-12-16T17:30:37.736" id="rpctest.rpcbind.testcase50" text="Verifying rpcb_set operation for square program (talking to rpcb at 2620:113:80c0:8080:686f:2c24:e73:b494)"
###junit success time="2014-12-16T17:30:37.741" id="rpctest.rpcbind.testcase50"
###junit testcase time="2014-12-16T17:30:37.741" id="rpctest.rpcbind.testcase51" text="Verifying rpcb_unset operation for square program (talking to rpcb at 2620:113:80c0:8080:686f:2c24:e73:b494)"
###junit success time="2014-12-16T17:30:37.742" id="rpctest.rpcbind.testcase51"
###junit testcase time="2014-12-16T17:30:37.742" id="rpctest.rpcbind.testcase52" text="Verifying rpcb_set operation for square program (talking to rpcb at 2620:113:80c0:8080:982:f0e7:f19a:9087)"
###junit success time="2014-12-16T17:30:37.747" id="rpctest.rpcbind.testcase52"
###junit testcase time="2014-12-16T17:30:37.747" id="rpctest.rpcbind.testcase53" text="Verifying rpcb_unset operation for square program (talking to rpcb at 2620:113:80c0:8080:982:f0e7:f19a:9087)"
###junit success time="2014-12-16T17:30:37.747" id="rpctest.rpcbind.testcase53"
###junit testcase time="2014-12-16T17:30:37.747" id="rpctest.rpcbind.testcase54" text="Verifying rpcb_set operation for square program (talking to rpcb at 2620:113:80c0:8080:3112:6c41:5323:234d)"
###junit success time="2014-12-16T17:30:37.751" id="rpctest.rpcbind.testcase54"
###junit testcase time="2014-12-16T17:30:37.751" id="rpctest.rpcbind.testcase55" text="Verifying rpcb_unset operation for square program (talking to rpcb at 2620:113:80c0:8080:3112:6c41:5323:234d)"
###junit success time="2014-12-16T17:30:37.751" id="rpctest.rpcbind.testcase55"
###junit testcase time="2014-12-16T17:30:37.751" id="rpctest.rpcbind.testcase56" text="Verifying rpcb_set operation for square program (talking to rpcb at 2620:113:80c0:8080:7549:9816:1c90:c64c)"
###junit success time="2014-12-16T17:30:37.755" id="rpctest.rpcbind.testcase56"
###junit testcase time="2014-12-16T17:30:37.755" id="rpctest.rpcbind.testcase57" text="Verifying rpcb_unset operation for square program (talking to rpcb at 2620:113:80c0:8080:7549:9816:1c90:c64c)"
###junit success time="2014-12-16T17:30:37.755" id="rpctest.rpcbind.testcase57"
###junit testcase time="2014-12-16T17:30:37.755" id="rpctest.rpcbind.testcase58" text="Verifying rpcb_set operation for square program (talking to rpcb at 2620:113:80c0:8080:2ad2:44ff:fe57:d75a)"
###junit success time="2014-12-16T17:30:37.758" id="rpctest.rpcbind.testcase58"
###junit testcase time="2014-12-16T17:30:37.758" id="rpctest.rpcbind.testcase59" text="Verifying rpcb_unset operation for square program (talking to rpcb at 2620:113:80c0:8080:2ad2:44ff:fe57:d75a)"
###junit success time="2014-12-16T17:30:37.759" id="rpctest.rpcbind.testcase59"
###junit testcase time="2014-12-16T17:30:37.759" id="rpctest.rpcbind.testcase60" text="Verifying rpcb_set operation for square program (talking to rpcb at fe80::2ad2:44ff:fe57:d75a%br1)"
###junit success time="2014-12-16T17:30:37.762" id="rpctest.rpcbind.testcase60"
###junit testcase time="2014-12-16T17:30:37.762" id="rpctest.rpcbind.testcase61" text="Verifying rpcb_unset operation for square program (talking to rpcb at fe80::2ad2:44ff:fe57:d75a%br1)"
###junit success time="2014-12-16T17:30:37.763" id="rpctest.rpcbind.testcase61"
###junit testcase time="2014-12-16T17:30:37.763" id="rpctest.rpcbind.testcase62" text="Verify rpcb_gettime(localhost)"
###junit failure time="2014-12-16T17:30:37.763" id="rpctest.rpcbind.testcase62" text="rpcb_gettime doesn't clear upper bits of time_t"
###junit testcase time="2014-12-16T17:30:37.763" id="rpctest.rpcbind.testcase63" text="Trying rpcb_taddr2uaddr(udp, 127.0.0.1)"
###junit failure time="2014-12-16T17:30:37.763" id="rpctest.rpcbind.testcase63" text="rpcb_taddr2uaddr: server was unable to translate address"
###junit testcase time="2014-12-16T17:30:37.763" id="rpctest.rpcbind.testcase64" text="Trying rpcb_uaddr2taddr(udp, 127.0.0.1.0.111)"
###junit failure time="2014-12-16T17:30:37.763" id="rpctest.rpcbind.testcase64" text="rpcb_uaddr2taddr returned bad address length 11 (expect 16)"
###junit testcase time="2014-12-16T17:30:37.763" id="rpctest.rpcbind.testcase65" text="Trying rpcb_taddr2uaddr(udp6, ::1)"
###junit failure time="2014-12-16T17:30:37.763" id="rpctest.rpcbind.testcase65" text="rpcb_taddr2uaddr: server was unable to translate address"
###junit testcase time="2014-12-16T17:30:37.763" id="rpctest.rpcbind.testcase66" text="Trying rpcb_uaddr2taddr(udp6, ::1.0.111)"
###junit failure time="2014-12-16T17:30:37.763" id="rpctest.rpcbind.testcase66" text="rpcb_uaddr2taddr returned bad address length 5 (expect 28)"
###junit testcase time="2014-12-16T17:30:37.763" id="rpctest.rpcbind.testcase67" text="Trying rpcb_taddr2uaddr(tcp, 127.0.0.1)"
###junit failure time="2014-12-16T17:30:37.763" id="rpctest.rpcbind.testcase67" text="rpcb_taddr2uaddr: server was unable to translate address"
###junit testcase time="2014-12-16T17:30:37.763" id="rpctest.rpcbind.testcase68" text="Trying rpcb_uaddr2taddr(tcp, 127.0.0.1.0.111)"
###junit failure time="2014-12-16T17:30:37.763" id="rpctest.rpcbind.testcase68" text="rpcb_uaddr2taddr returned bad address length 11 (expect 16)"
###junit testcase time="2014-12-16T17:30:37.763" id="rpctest.rpcbind.testcase69" text="Trying rpcb_taddr2uaddr(tcp6, ::1)"
###junit failure time="2014-12-16T17:30:37.764" id="rpctest.rpcbind.testcase69" text="rpcb_taddr2uaddr: server was unable to translate address"
###junit testcase time="2014-12-16T17:30:37.764" id="rpctest.rpcbind.testcase70" text="Trying rpcb_uaddr2taddr(tcp6, ::1.0.111)"
###junit failure time="2014-12-16T17:30:37.764" id="rpctest.rpcbind.testcase70" text="rpcb_uaddr2taddr returned bad address length 5 (expect 28)"
###junit endsuite time="2014-12-16T17:30:37.764" id="rpctest.rpcbind"
###junit testsuite time="2014-12-16T17:30:37.764" id="rpctest.svcreg" text="Verify service registration functions"
###junit testcase time="2014-12-16T17:30:37.764" id="rpctest.svcreg.testcase0" text="Create service and register by nettype netpath"
###junit success time="2014-12-16T17:30:37.764" id="rpctest.svcreg.testcase0"
###junit testcase time="2014-12-16T17:30:37.764" id="rpctest.svcreg.testcase1" text="Verifying rpcb registration for square program"
###junit success time="2014-12-16T17:30:37.765" id="rpctest.svcreg.testcase1"
###junit testcase time="2014-12-16T17:30:37.765" id="rpctest.svcreg.testcase2" text="Testing reachability of square program via clnt_create(netpath)"
###junit success time="2014-12-16T17:30:37.765" id="rpctest.svcreg.testcase2"
###junit testcase time="2014-12-16T17:30:37.765" id="rpctest.svcreg.testcase3" text="Testing reachability of square program via clnt_tp_create(udp+tcp+udp6+tcp6)"
###junit success time="2014-12-16T17:30:37.767" id="rpctest.svcreg.testcase3"
###junit testcase time="2014-12-16T17:30:37.767" id="rpctest.svcreg.testcase4" text="Create service and register by nettype visible"
###junit success time="2014-12-16T17:30:37.767" id="rpctest.svcreg.testcase4"
###junit testcase time="2014-12-16T17:30:37.767" id="rpctest.svcreg.testcase5" text="Verifying rpcb registration for square program"
###junit success time="2014-12-16T17:30:37.768" id="rpctest.svcreg.testcase5"
###junit testcase time="2014-12-16T17:30:37.768" id="rpctest.svcreg.testcase6" text="Testing reachability of square program via clnt_create(visible)"
###junit success time="2014-12-16T17:30:37.768" id="rpctest.svcreg.testcase6"
###junit testcase time="2014-12-16T17:30:37.768" id="rpctest.svcreg.testcase7" text="Testing reachability of square program via clnt_tp_create(udp+tcp+udp6+tcp6)"
###junit success time="2014-12-16T17:30:37.770" id="rpctest.svcreg.testcase7"
###junit testcase time="2014-12-16T17:30:37.770" id="rpctest.svcreg.testcase8" text="Create service and register by nettype circuit_n"
###junit success time="2014-12-16T17:30:37.770" id="rpctest.svcreg.testcase8"
###junit testcase time="2014-12-16T17:30:37.770" id="rpctest.svcreg.testcase9" text="Verifying rpcb registration for square program"
###junit success time="2014-12-16T17:30:37.770" id="rpctest.svcreg.testcase9"
###junit testcase time="2014-12-16T17:30:37.770" id="rpctest.svcreg.testcase10" text="Testing reachability of square program via clnt_create(circuit_n)"
###junit success time="2014-12-16T17:30:37.771" id="rpctest.svcreg.testcase10"
###junit testcase time="2014-12-16T17:30:37.771" id="rpctest.svcreg.testcase11" text="Testing reachability of square program via clnt_tp_create(tcp+tcp6)"
###junit success time="2014-12-16T17:30:37.772" id="rpctest.svcreg.testcase11"
###junit testcase time="2014-12-16T17:30:37.772" id="rpctest.svcreg.testcase12" text="Create service and register by nettype datagram_n"
###junit success time="2014-12-16T17:30:37.772" id="rpctest.svcreg.testcase12"
###junit testcase time="2014-12-16T17:30:37.772" id="rpctest.svcreg.testcase13" text="Verifying rpcb registration for square program"
###junit success time="2014-12-16T17:30:37.772" id="rpctest.svcreg.testcase13"
###junit testcase time="2014-12-16T17:30:37.772" id="rpctest.svcreg.testcase14" text="Testing reachability of square program via clnt_create(datagram_n)"
###junit success time="2014-12-16T17:30:37.773" id="rpctest.svcreg.testcase14"
###junit testcase time="2014-12-16T17:30:37.773" id="rpctest.svcreg.testcase15" text="Testing reachability of square program via clnt_tp_create(udp+udp6)"
###junit success time="2014-12-16T17:30:37.773" id="rpctest.svcreg.testcase15"
###junit testcase time="2014-12-16T17:30:37.773" id="rpctest.svcreg.testcase16" text="Create service and register by nettype circuit_v"
###junit success time="2014-12-16T17:30:37.773" id="rpctest.svcreg.testcase16"
###junit testcase time="2014-12-16T17:30:37.773" id="rpctest.svcreg.testcase17" text="Verifying rpcb registration for square program"
###junit success time="2014-12-16T17:30:37.774" id="rpctest.svcreg.testcase17"
###junit testcase time="2014-12-16T17:30:37.774" id="rpctest.svcreg.testcase18" text="Testing reachability of square program via clnt_create(circuit_v)"
###junit success time="2014-12-16T17:30:37.774" id="rpctest.svcreg.testcase18"
###junit testcase time="2014-12-16T17:30:37.774" id="rpctest.svcreg.testcase19" text="Testing reachability of square program via clnt_tp_create(tcp+tcp6)"
###junit success time="2014-12-16T17:30:37.775" id="rpctest.svcreg.testcase19"
###junit testcase time="2014-12-16T17:30:37.775" id="rpctest.svcreg.testcase20" text="Create service and register by nettype datagram_v"
###junit success time="2014-12-16T17:30:37.775" id="rpctest.svcreg.testcase20"
###junit testcase time="2014-12-16T17:30:37.775" id="rpctest.svcreg.testcase21" text="Verifying rpcb registration for square program"
###junit success time="2014-12-16T17:30:37.776" id="rpctest.svcreg.testcase21"
###junit testcase time="2014-12-16T17:30:37.776" id="rpctest.svcreg.testcase22" text="Testing reachability of square program via clnt_create(datagram_v)"
###junit success time="2014-12-16T17:30:37.776" id="rpctest.svcreg.testcase22"
###junit testcase time="2014-12-16T17:30:37.776" id="rpctest.svcreg.testcase23" text="Testing reachability of square program via clnt_tp_create(udp+udp6)"
###junit success time="2014-12-16T17:30:37.777" id="rpctest.svcreg.testcase23"
###junit testcase time="2014-12-16T17:30:37.777" id="rpctest.svcreg.testcase24" text="Create service and register by nettype udp"
###junit success time="2014-12-16T17:30:37.777" id="rpctest.svcreg.testcase24"
###junit testcase time="2014-12-16T17:30:37.777" id="rpctest.svcreg.testcase25" text="Verifying rpcb registration for square program"
###junit success time="2014-12-16T17:30:37.778" id="rpctest.svcreg.testcase25"
###junit testcase time="2014-12-16T17:30:37.778" id="rpctest.svcreg.testcase26" text="Testing reachability of square program via clnt_create(udp)"
###junit success time="2014-12-16T17:30:37.778" id="rpctest.svcreg.testcase26"
###junit testcase time="2014-12-16T17:30:37.778" id="rpctest.svcreg.testcase27" text="Testing reachability of square program via clnt_tp_create(udp+udp6)"
###junit success time="2014-12-16T17:30:37.778" id="rpctest.svcreg.testcase27"
###junit testcase time="2014-12-16T17:30:37.778" id="rpctest.svcreg.testcase28" text="Create service and register by nettype tcp"
###junit success time="2014-12-16T17:30:37.779" id="rpctest.svcreg.testcase28"
###junit testcase time="2014-12-16T17:30:37.779" id="rpctest.svcreg.testcase29" text="Verifying rpcb registration for square program"
###junit success time="2014-12-16T17:30:37.779" id="rpctest.svcreg.testcase29"
###junit testcase time="2014-12-16T17:30:37.779" id="rpctest.svcreg.testcase30" text="Testing reachability of square program via clnt_create(tcp)"
###junit success time="2014-12-16T17:30:37.780" id="rpctest.svcreg.testcase30"
###junit testcase time="2014-12-16T17:30:37.780" id="rpctest.svcreg.testcase31" text="Testing reachability of square program via clnt_tp_create(tcp+tcp6)"
###junit success time="2014-12-16T17:30:37.782" id="rpctest.svcreg.testcase31"
###junit testcase time="2014-12-16T17:30:37.782" id="rpctest.svcreg.testcase32" text="Create service and register by netid (udp+tcp)"
###junit success time="2014-12-16T17:30:37.783" id="rpctest.svcreg.testcase32"
###junit testcase time="2014-12-16T17:30:37.783" id="rpctest.svcreg.testcase33" text="Verifying rpcb registration for square program"
###junit success time="2014-12-16T17:30:37.783" id="rpctest.svcreg.testcase33"
###junit testcase time="2014-12-16T17:30:37.783" id="rpctest.svcreg.testcase34" text="Testing reachability of square program via clnt_tp_create(udp+tcp)"
###junit success time="2014-12-16T17:30:37.787" id="rpctest.svcreg.testcase34"
###junit testcase time="2014-12-16T17:30:37.787" id="rpctest.svcreg.testcase35" text="Create service and register by netid (udp6+tcp6)"
###junit success time="2014-12-16T17:30:37.788" id="rpctest.svcreg.testcase35"
###junit testcase time="2014-12-16T17:30:37.788" id="rpctest.svcreg.testcase36" text="Verifying rpcb registration for square program"
###junit success time="2014-12-16T17:30:37.789" id="rpctest.svcreg.testcase36"
###junit testcase time="2014-12-16T17:30:37.789" id="rpctest.svcreg.testcase37" text="Testing reachability of square program via clnt_tp_create(udp6+tcp6)"
###junit success time="2014-12-16T17:30:37.790" id="rpctest.svcreg.testcase37"
###junit testcase time="2014-12-16T17:30:37.790" id="rpctest.svcreg.testcase38" text="Create service and register by netid (local)"
###junit success time="2014-12-16T17:30:37.791" id="rpctest.svcreg.testcase38"
###junit testcase time="2014-12-16T17:30:37.791" id="rpctest.svcreg.testcase39" text="Verifying rpcb registration for square program"
###junit success time="2014-12-16T17:30:37.791" id="rpctest.svcreg.testcase39"
###junit testcase time="2014-12-16T17:30:37.791" id="rpctest.svcreg.testcase40" text="Testing reachability of square program via clnt_tp_create(local)"
###junit success time="2014-12-16T17:30:37.792" id="rpctest.svcreg.testcase40"
###junit endsuite time="2014-12-16T17:30:37.792" id="rpctest.svcreg"
###junit testsuite time="2014-12-16T17:30:37.792" id="rpctest.client" text="Verify client functions"
###junit testcase time="2014-12-16T17:30:37.792" id="rpctest.client.testcase0" text="Create service and register all transports"
###junit success time="2014-12-16T17:30:37.793" id="rpctest.client.testcase0"
###junit testcase time="2014-12-16T17:30:37.793" id="rpctest.client.testcase1" text="Verify clnt_create_vers(netpath)"
###junit success time="2014-12-16T17:30:37.796" id="rpctest.client.testcase1"
###junit testcase time="2014-12-16T17:30:37.796" id="rpctest.client.testcase2" text="Verify clnt_create_vers(visible)"
###junit success time="2014-12-16T17:30:37.797" id="rpctest.client.testcase2"
###junit testcase time="2014-12-16T17:30:37.797" id="rpctest.client.testcase3" text="Verify clnt_create_vers(circuit_n)"
###junit success time="2014-12-16T17:30:37.797" id="rpctest.client.testcase3"
###junit testcase time="2014-12-16T17:30:37.797" id="rpctest.client.testcase4" text="Verify clnt_create_vers(datagram_n)"
###junit success time="2014-12-16T17:30:37.798" id="rpctest.client.testcase4"
###junit testcase time="2014-12-16T17:30:37.798" id="rpctest.client.testcase5" text="Verify clnt_create_vers(circuit_v)"
###junit success time="2014-12-16T17:30:37.798" id="rpctest.client.testcase5"
###junit testcase time="2014-12-16T17:30:37.798" id="rpctest.client.testcase6" text="Verify clnt_create_vers(datagram_v)"
###junit success time="2014-12-16T17:30:37.799" id="rpctest.client.testcase6"
###junit testcase time="2014-12-16T17:30:37.799" id="rpctest.client.testcase7" text="Verify clnt_create_vers(udp)"
###junit success time="2014-12-16T17:30:37.799" id="rpctest.client.testcase7"
###junit testcase time="2014-12-16T17:30:37.799" id="rpctest.client.testcase8" text="Verify clnt_create_vers(tcp)"
###junit success time="2014-12-16T17:30:37.799" id="rpctest.client.testcase8"
###junit testcase time="2014-12-16T17:30:37.799" id="rpctest.client.testcase9" text="Verify clnttcp_create(127.0.0.1, 202020, 1)"
###junit success time="2014-12-16T17:30:37.800" id="rpctest.client.testcase9"
###junit testcase time="2014-12-16T17:30:37.800" id="rpctest.client.testcase10" text="Verify clntudp_create(127.0.0.1, 202020, 1)"
###junit success time="2014-12-16T17:30:37.800" id="rpctest.client.testcase10"
###junit testcase time="2014-12-16T17:30:37.800" id="rpctest.client.testcase11" text="Verify clntunix_create()"
###junit success time="2014-12-16T17:30:37.800" id="rpctest.client.testcase11"
###junit testcase time="2014-12-16T17:30:37.800" id="rpctest.client.testcase12" text="Verify callrpc(localhost, 202020, 1)"
###junit success time="2014-12-16T17:30:37.801" id="rpctest.client.testcase12"
###junit testcase time="2014-12-16T17:30:37.801" id="rpctest.client.testcase13" text="Verify RPC error reporting for error 8 (RPC: Program unavailable)"
###junit success time="2014-12-16T17:30:37.801" id="rpctest.client.testcase13"
###junit testcase time="2014-12-16T17:30:37.801" id="rpctest.client.testcase14" text="Verify RPC error reporting for error 9 (RPC: Program/version mismatch)"
###junit success time="2014-12-16T17:30:37.801" id="rpctest.client.testcase14"
###junit testcase time="2014-12-16T17:30:37.801" id="rpctest.client.testcase15" text="Verify RPC error reporting for error 10 (RPC: Procedure unavailable)"
###junit success time="2014-12-16T17:30:37.801" id="rpctest.client.testcase15"
###junit testcase time="2014-12-16T17:30:37.801" id="rpctest.client.testcase16" text="Verify RPC error reporting for error 11 (RPC: Server can't decode arguments)"
###junit success time="2014-12-16T17:30:37.801" id="rpctest.client.testcase16"
###junit testcase time="2014-12-16T17:30:37.801" id="rpctest.client.testcase17" text="Verify RPC error reporting for error 12 (RPC: Remote system error)"
###junit success time="2014-12-16T17:30:37.801" id="rpctest.client.testcase17"
###junit testcase time="2014-12-16T17:30:37.801" id="rpctest.client.testcase18" text="Verify RPC error reporting for error 7 (RPC: Authentication error)"
###junit success time="2014-12-16T17:30:37.801" id="rpctest.client.testcase18"
###junit testcase time="2014-12-16T17:30:37.801" id="rpctest.client.testcase19" text="Verify RPC error reporting for error 1 (RPC: Can't encode arguments)"
###junit success time="2014-12-16T17:30:37.801" id="rpctest.client.testcase19"
###junit testcase time="2014-12-16T17:30:37.801" id="rpctest.client.testcase20" text="Verify RPC error reporting for error 2 (RPC: Can't decode result)"
###junit success time="2014-12-16T17:30:37.801" id="rpctest.client.testcase20"
###junit testcase time="2014-12-16T17:30:37.801" id="rpctest.client.testcase21" text="Verifying get_myaddress"
###junit success time="2014-12-16T17:30:37.801" id="rpctest.client.testcase21"
###junit testcase time="2014-12-16T17:30:37.801" id="rpctest.client.testcase22" text="Verify getrpcport()"
###junit success time="2014-12-16T17:30:37.801" id="rpctest.client.testcase22"
###junit testcase time="2014-12-16T17:30:37.801" id="rpctest.client.testcase23" text="Verify TCP client with send size 4"
###junit success time="2014-12-16T17:30:37.802" id="rpctest.client.testcase23"
###junit testcase time="2014-12-16T17:30:37.802" id="rpctest.client.testcase24" text="Verify TCP client with send size 8"
###junit success time="2014-12-16T17:30:37.802" id="rpctest.client.testcase24"
###junit testcase time="2014-12-16T17:30:37.802" id="rpctest.client.testcase25" text="Verify TCP client with send size 12"
###junit success time="2014-12-16T17:30:37.802" id="rpctest.client.testcase25"
###junit testcase time="2014-12-16T17:30:37.802" id="rpctest.client.testcase26" text="Verify TCP client with send size 16"
###junit success time="2014-12-16T17:30:37.802" id="rpctest.client.testcase26"
###junit testcase time="2014-12-16T17:30:37.802" id="rpctest.client.testcase27" text="Verify TCP client with send size 31"
###junit success time="2014-12-16T17:30:37.803" id="rpctest.client.testcase27"
###junit testcase time="2014-12-16T17:30:37.803" id="rpctest.client.testcase28" text="Verify TCP client with send size 64"
###junit success time="2014-12-16T17:30:37.803" id="rpctest.client.testcase28"
###junit testcase time="2014-12-16T17:30:37.803" id="rpctest.client.testcase29" text="Verify TCP client with send size 77"
###junit success time="2014-12-16T17:30:37.803" id="rpctest.client.testcase29"
###junit testcase time="2014-12-16T17:30:37.803" id="rpctest.client.testcase30" text="Verify TCP client with send size 128"
###junit success time="2014-12-16T17:30:37.806" id="rpctest.client.testcase30"
###junit testcase time="2014-12-16T17:30:37.806" id="rpctest.client.testcase31" text="Verify TCP client with send size 256"
###junit success time="2014-12-16T17:30:37.808" id="rpctest.client.testcase31"
###junit testcase time="2014-12-16T17:30:37.808" id="rpctest.client.testcase32" text="Verify TCP client with send size 1024"
###junit success time="2014-12-16T17:30:37.809" id="rpctest.client.testcase32"
###junit testcase time="2014-12-16T17:30:37.809" id="rpctest.client.testcase33" text="Verify TCP client with send size 4096"
###junit success time="2014-12-16T17:30:37.809" id="rpctest.client.testcase33"
###junit testcase time="2014-12-16T17:30:37.809" id="rpctest.client.testcase34" text="Verify TCP client with send size 32768"
###junit success time="2014-12-16T17:30:37.810" id="rpctest.client.testcase34"
###junit testcase time="2014-12-16T17:30:37.810" id="rpctest.client.testcase35" text="Verify clnt_create with bad nettype"
###junit success time="2014-12-16T17:30:37.810" id="rpctest.client.testcase35"
###junit testcase time="2014-12-16T17:30:37.810" id="rpctest.client.testcase36" text="Verify clnt_create with huge nettype"
###junit success time="2014-12-16T17:30:37.810" id="rpctest.client.testcase36"
###junit testcase time="2014-12-16T17:30:37.810" id="rpctest.client.testcase37" text="Verify clnt_create with IPv4 address and IPv6 netid"
###junit success time="2014-12-16T17:30:37.810" id="rpctest.client.testcase37"
###junit testcase time="2014-12-16T17:30:37.810" id="rpctest.client.testcase38" text="Verify clnt_create with IPv6 address and IPv4 netid"
###junit success time="2014-12-16T17:30:37.810" id="rpctest.client.testcase38"
###junit testcase time="2014-12-16T17:30:37.810" id="rpctest.client.testcase39" text="Verify clnt_create with huge hostname"
###junit success time="2014-12-16T17:30:37.811" id="rpctest.client.testcase39"
###junit endsuite time="2014-12-16T17:30:37.811" id="rpctest.client"
====
Summary:
 183 tests
   9 failures
   0 warnings
